<?xml version="1.0" encoding="UTF-8"?>
<!-- Generated by org.testng.reporters.JUnitReportReporter -->
<testsuite hostname="DESKTOP-R2D29BC" failures="0" tests="4" name="api.test.UserTests2" time="4.573" errors="0" timestamp="2023-04-07T11:47:35 CEST" skipped="0">
  <testcase classname="api.test.UserTests2" name="testPostUser" time="2.082"/>
  <system-out/>
  <testcase classname="api.test.UserTests2" name="testGetUserByName" time="0.519"/>
  <system-out/>
  <testcase classname="api.test.UserTests2" name="testUpdateUserByName" time="0.985"/>
  <system-out/>
  <testcase classname="api.test.UserTests2" name="testDeleteUserByName" time="0.987"/>
  <system-out/>
</testsuite> <!-- api.test.UserTests2 -->
