<?xml version="1.0" encoding="UTF-8"?>
<!-- Generated by org.testng.reporters.JUnitReportReporter -->
<testsuite hostname="DESKTOP-R2D29BC" failures="0" tests="4" name="api.test.UserTests" time="4.688" errors="0" timestamp="2023-03-19T22:43:03 CET" skipped="0">
  <testcase classname="api.test.UserTests" name="testPostUser" time="2.150"/>
  <system-out/>
  <testcase classname="api.test.UserTests" name="testGetUserByName" time="0.525"/>
  <system-out/>
  <testcase classname="api.test.UserTests" name="testUpdateUserByName" time="1.004"/>
  <system-out/>
  <testcase classname="api.test.UserTests" name="testDeleteUserByName" time="1.009"/>
  <system-out/>
</testsuite> <!-- api.test.UserTests -->
