<?xml version="1.0" encoding="UTF-8"?>
<!-- Generated by org.testng.reporters.JUnitReportReporter -->
<testsuite hostname="DESKTOP-R2D29BC" failures="0" tests="6" name="api.test.DDTests" time="6.003" errors="0" timestamp="2023-03-19T21:06:25 CET" skipped="0">
  <testcase classname="api.test.DDTests" name="testPostUser" time="2.377"/>
  <system-out/>
  <testcase classname="api.test.DDTests" name="testPostUser" time="0.589"/>
  <system-out/>
  <testcase classname="api.test.DDTests" name="testPostUser" time="0.671"/>
  <system-out/>
  <testcase classname="api.test.DDTests" name="testDeleteUserByName" time="0.762"/>
  <system-out/>
  <testcase classname="api.test.DDTests" name="testDeleteUserByName" time="0.840"/>
  <system-out/>
  <testcase classname="api.test.DDTests" name="testDeleteUserByName" time="0.764"/>
  <system-out/>
</testsuite> <!-- api.test.DDTests -->
