<?xml version="1.0" encoding="UTF-8"?>
<!-- Generated by org.testng.reporters.JUnitReportReporter -->
<testsuite hostname="DESKTOP-R2D29BC" failures="0" tests="4" name="api.test.UserTests2" time="6.170" errors="0" timestamp="2023-04-07T12:21:43 CEST" skipped="0">
  <testcase classname="api.test.UserTests2" name="testPostUser" time="2.447"/>
  <system-out/>
  <testcase classname="api.test.UserTests2" name="testGetUserByName" time="0.880"/>
  <system-out/>
  <testcase classname="api.test.UserTests2" name="testUpdateUserByName" time="0.979"/>
  <system-out/>
  <testcase classname="api.test.UserTests2" name="testDeleteUserByName" time="1.864"/>
  <system-out/>
</testsuite> <!-- api.test.UserTests2 -->
